facerecognition/build/outputs/logs/manifest-merger-debug-report.txt
-- Merging decision tree log ---
manifest
ADDED from src\main\AndroidManifest.xml:2:1-62:12
	package
		ADDED from src\main\AndroidManifest.xml:3:5-48
		INJECTED from src\main\AndroidManifest.xml
		INJECTED from src\main\AndroidManifest.xml
	android:versionName
		ADDED from src\main\AndroidManifest.xml:6:5-30
		INJECTED from src\main\AndroidManifest.xml
		INJECTED from src\main\AndroidManifest.xml
	android:versionCode
		ADDED from src\main\AndroidManifest.xml:5:5-29
		INJECTED from src\main\AndroidManifest.xml
		INJECTED from src\main\AndroidManifest.xml
	xmlns:android
		ADDED from src\main\AndroidManifest.xml:2:11-69
	android:installLocation
		ADDED from src\main\AndroidManifest.xml:4:5-35
uses-sdk
ADDED from src\main\AndroidManifest.xml:8:5-44
MERGED from [face-recognition01:openCVLibrary2410:unspecified] AndroidManifest.xml:7:5-9:40
MERGED from [com.android.support:appcompat-v7:25.3.1] AndroidManifest.xml:21:5-23:78
MERGED from [com.android.support:support-v4:25.3.1] AndroidManifest.xml:21:5-23:54
MERGED from [com.android.support:support-fragment:25.3.1] AndroidManifest.xml:21:5-23:60
MERGED from [com.android.support:support-media-compat:25.3.1] AndroidManifest.xml:21:5-23:63
MERGED from [com.android.support:support-core-ui:25.3.1] AndroidManifest.xml:21:5-23:58
MERGED from [com.android.support:support-core-utils:25.3.1] AndroidManifest.xml:21:5-23:61
MERGED from [com.android.support:animated-vector-drawable:25.3.1] AndroidManifest.xml:20:5-44
MERGED from [com.android.support:support-vector-drawable:25.3.1] AndroidManifest.xml:20:5-43
MERGED from [com.android.support:support-compat:25.3.1] AndroidManifest.xml:21:5-23:58
MERGED from [com.android.support.constraint:constraint-layout:1.0.2] AndroidManifest.xml:5:5-7:41
	tools:overrideLibrary
		ADDED from [com.android.support:appcompat-v7:25.3.1] AndroidManifest.xml:23:9-75
	android:targetSdkVersion
		INJECTED from src\main\AndroidManifest.xml
		INJECTED from src\main\AndroidManifest.xml
	android:minSdkVersion
		ADDED from src\main\AndroidManifest.xml:8:15-41
		INJECTED from src\main\AndroidManifest.xml
		INJECTED from src\main\AndroidManifest.xml
uses-permission#android.permission.WRITE_EXTERNAL_STORAGE
ADDED from src\main\AndroidManifest.xml:10:5-81
	android:name
		ADDED from src\main\AndroidManifest.xml:10:22-78
supports-screens
ADDED from src\main\AndroidManifest.xml:12:5-17:39
	android:largeScreens
		ADDED from src\main\AndroidManifest.xml:14:9-36
	android:smallScreens
		ADDED from src\main\AndroidManifest.xml:17:9-36
	android:normalScreens
		ADDED from src\main\AndroidManifest.xml:15:9-37
	android:resizeable
		ADDED from src\main\AndroidManifest.xml:16:9-34
	android:anyDensity
		ADDED from src\main\AndroidManifest.xml:13:9-34
uses-permission#android.permission.CAMERA
ADDED from src\main\AndroidManifest.xml:19:5-65
	android:name
		ADDED from src\main\AndroidManifest.xml:19:22-62
uses-feature#android.hardware.camera
ADDED from src\main\AndroidManifest.xml:21:5-23:36
	android:required
		ADDED from src\main\AndroidManifest.xml:23:9-33
	android:name
		ADDED from src\main\AndroidManifest.xml:22:9-47
uses-feature#android.hardware.camera.autofocus
ADDED from src\main\AndroidManifest.xml:24:5-26:36
	android:required
		ADDED from src\main\AndroidManifest.xml:26:9-33
	android:name
		ADDED from src\main\AndroidManifest.xml:25:9-57
uses-feature#android.hardware.camera.front
ADDED from src\main\AndroidManifest.xml:27:5-29:36
	android:required
		ADDED from src\main\AndroidManifest.xml:29:9-33
	android:name
		ADDED from src\main\AndroidManifest.xml:28:9-53
uses-feature#android.hardware.camera.front.autofocus
ADDED from src\main\AndroidManifest.xml:30:5-32:36
	android:required
		ADDED from src\main\AndroidManifest.xml:32:9-33
	android:name
		ADDED from src\main\AndroidManifest.xml:31:9-63
uses-permission#android.permission.READ_PHONE_STATE
ADDED from src\main\AndroidManifest.xml:34:5-75
	android:name
		ADDED from src\main\AndroidManifest.xml:34:22-72
uses-permission#android.permission.READ_EXTERNAL_STORAGE
ADDED from src\main\AndroidManifest.xml:35:5-80
	android:name
		ADDED from src\main\AndroidManifest.xml:35:22-77
application
ADDED from src\main\AndroidManifest.xml:37:5-60:19
MERGED from [com.android.support:appcompat-v7:25.3.1] AndroidManifest.xml:29:5-20
MERGED from [com.android.support:support-v4:25.3.1] AndroidManifest.xml:29:5-20
MERGED from [com.android.support:support-fragment:25.3.1] AndroidManifest.xml:29:5-20
MERGED from [com.android.support:support-media-compat:25.3.1] AndroidManifest.xml:29:5-20
MERGED from [com.android.support:support-core-ui:25.3.1] AndroidManifest.xml:29:5-20
MERGED from [com.android.support:support-core-utils:25.3.1] AndroidManifest.xml:29:5-20
MERGED from [com.android.support:animated-vector-drawable:25.3.1] AndroidManifest.xml:26:5-20
MERGED from [com.android.support:support-vector-drawable:25.3.1] AndroidManifest.xml:26:5-20
MERGED from [com.android.support:support-compat:25.3.1] AndroidManifest.xml:29:5-20
MERGED from [com.android.support.constraint:constraint-layout:1.0.2] AndroidManifest.xml:9:5-20
	android:label
		ADDED from src\main\AndroidManifest.xml:39:9-41
	android:icon
		ADDED from src\main\AndroidManifest.xml:38:9-43
	android:theme
		ADDED from src\main\AndroidManifest.xml:40:9-40
activity#org.opencv.javacv.facerecognition.control.OpenCVFaceRecognizer
ADDED from src\main\AndroidManifest.xml:41:9-66
	android:name
		ADDED from src\main\AndroidManifest.xml:41:19-63
activity#org.opencv.javacv.facerecognition.SplashScreen.Splash
ADDED from src\main\AndroidManifest.xml:42:9-57
	android:name
		ADDED from src\main\AndroidManifest.xml:42:19-54
activity#org.opencv.javacv.facerecognition.MainActivity
ADDED from src\main\AndroidManifest.xml:43:9-49:20
	android:name
		ADDED from src\main\AndroidManifest.xml:43:19-47
intent-filter#android.intent.action.MAIN+android.intent.category.LAUNCHER
ADDED from src\main\AndroidManifest.xml:44:13-48:29
action#android.intent.action.MAIN
ADDED from src\main\AndroidManifest.xml:45:17-69
	android:name
		ADDED from src\main\AndroidManifest.xml:45:25-66
category#android.intent.category.LAUNCHER
ADDED from src\main\AndroidManifest.xml:47:17-77
	android:name
		ADDED from src\main\AndroidManifest.xml:47:27-74
activity#org.opencv.javacv.facerecognition.Activity.Training
ADDED from src\main\AndroidManifest.xml:50:9-55
	android:name
		ADDED from src\main\AndroidManifest.xml:50:19-52
activity#org.opencv.javacv.facerecognition.Activity.SetPin
ADDED from src\main\AndroidManifest.xml:51:9-53
	android:name
		ADDED from src\main\AndroidManifest.xml:51:19-50
activity#org.opencv.javacv.facerecognition.Activity.SecurityLevel
ADDED from src\main\AndroidManifest.xml:52:9-60
	android:name
		ADDED from src\main\AndroidManifest.xml:52:19-57
activity#org.opencv.javacv.facerecognition.Activity.SetIntruderSelfie
ADDED from src\main\AndroidManifest.xml:53:9-64
	android:name
		ADDED from src\main\AndroidManifest.xml:53:19-61
activity#org.opencv.javacv.facerecognition.Activity.AboutUs
ADDED from src\main\AndroidManifest.xml:54:9-54
	android:name
		ADDED from src\main\AndroidManifest.xml:54:19-51
activity#org.opencv.javacv.facerecognition.Activity.RateThisApp
ADDED from src\main\AndroidManifest.xml:55:9-58
	android:name
		ADDED from src\main\AndroidManifest.xml:55:19-55
activity#org.opencv.javacv.facerecognition.Test.Test_Ayoub
ADDED from src\main\AndroidManifest.xml:56:9-53
	android:name
		ADDED from src\main\AndroidManifest.xml:56:19-50
activity#org.opencv.javacv.facerecognition.Test.Test_Hamza
ADDED from src\main\AndroidManifest.xml:57:9-53
	android:name
		ADDED from src\main\AndroidManifest.xml:57:19-50
activity#org.opencv.javacv.facerecognition.Activity.training.FirstTrainingFace
ADDED from src\main\AndroidManifest.xml:58:9-73
	android:name
		ADDED from src\main\AndroidManifest.xml:58:19-70
activity#org.opencv.javacv.facerecognition.Activity.training.UpdateTrainingFace
ADDED from src\main\AndroidManifest.xml:59:9-83
	android:name
		ADDED from src\main\AndroidManifest.xml:59:19-71
meta-data#android.support.VERSION
ADDED from [com.android.support:appcompat-v7:25.3.1] AndroidManifest.xml:25:5-27:34
MERGED from [com.android.support:support-v4:25.3.1] AndroidManifest.xml:25:5-27:34
MERGED from [com.android.support:support-fragment:25.3.1] AndroidManifest.xml:25:5-27:34
MERGED from [com.android.support:support-media-compat:25.3.1] AndroidManifest.xml:25:5-27:34
MERGED from [com.android.support:support-core-ui:25.3.1] AndroidManifest.xml:25:5-27:34
MERGED from [com.android.support:support-core-utils:25.3.1] AndroidManifest.xml:25:5-27:34
MERGED from [com.android.support:animated-vector-drawable:25.3.1] AndroidManifest.xml:22:5-24:34
MERGED from [com.android.support:support-vector-drawable:25.3.1] AndroidManifest.xml:22:5-24:34
MERGED from [com.android.support:support-compat:25.3.1] AndroidManifest.xml:25:5-27:34
	android:value
		ADDED from [com.android.support:appcompat-v7:25.3.1] AndroidManifest.xml:27:9-31
	android:name
		ADDED from [com.android.support:appcompat-v7:25.3.1] AndroidManifest.xml:26:9-47